<?xml version="1.0" encoding="UTF-8"?>
<!-- Generated by org.testng.reporters.JUnitReportReporter -->
<testsuite hostname="DESKTOP-P1FLGCK" failures="0" tests="3" name="codenboxautomationlab.AppType" time="0.266" errors="0" timestamp="2025-04-21T21:10:50 AST" skipped="2">
  <testcase classname="codenboxautomationlab.AppType" name="selectButton" time="0.266"/>
  <testcase classname="codenboxautomationlab.AppType" name="RadioButton">
    <skipped/>
  </testcase> <!-- RadioButton -->
  <testcase classname="codenboxautomationlab.AppType" name="Dynamic_Dropdown">
    <skipped/>
  </testcase> <!-- Dynamic_Dropdown -->
</testsuite> <!-- codenboxautomationlab.AppType -->
